Copyright 1986-2017 Xilinx, Inc. All Rights Reserved.
------------------------------------------------------------------------------------
| Tool Version : Vivado v.2017.1 (lin64) Build 1846317 Fri Apr 14 18:54:47 MDT 2017
| Date         : Tue Aug  7 17:35:05 2018
| Host         : Chef running 64-bit Ubuntu 18.04.1 LTS
| Command      : report_drc -file led_drc_opted.rpt
| Design       : led
| Device       : xcvu9p-flga2104-2L-e
| Speed File   : -2L
| Design State : Synthesized
------------------------------------------------------------------------------------

Report DRC

Table of Contents
-----------------
1. REPORT SUMMARY
2. REPORT DETAILS

1. REPORT SUMMARY
-----------------
            Netlist: netlist
          Floorplan: design_1
      Design limits: <entire design considered>
           Ruledeck: default
             Max violations: <unlimited>
             Violations found: 1
+-------------+------------------+-----------------+------------+
| Rule        | Severity         | Description     | Violations |
+-------------+------------------+-----------------+------------+
| IOSTDTYPE-1 | Critical Warning | IOStandard Type | 1          |
+-------------+------------------+-----------------+------------+

2. REPORT DETAILS
-----------------
IOSTDTYPE-1#1 Critical Warning
IOStandard Type  
I/O port clk is Single-Ended but has an IOStandard of LVDS which can only support Differential
Related violations: <none>


